
> @greenlink/admin@0.1.0 lint
> next lint


./src/app/delivery/page.tsx
4:164  Error: 'DialogTrigger' is defined but never used.  @typescript-eslint/no-unused-vars

./src/app/page.tsx
4:52  Error: 'Button' is defined but never used.  @typescript-eslint/no-unused-vars

./src/components/Product/ProductForm.tsx
6:37  Error: 'FormDescription' is defined but never used.  @typescript-eslint/no-unused-vars
58:28  Error: Unexpected any. Specify a different type.  @typescript-eslint/no-explicit-any
61:46  Error: Unexpected any. Specify a different type.  @typescript-eslint/no-explicit-any
76:50  Error: Unexpected any. Specify a different type.  @typescript-eslint/no-explicit-any
90:50  Error: Unexpected any. Specify a different type.  @typescript-eslint/no-explicit-any

info  - Need to disable some ESLint rules? Learn more here: https://nextjs.org/docs/basic-features/eslint#disabling-rules
npm error Lifecycle script `lint` failed with error:
npm error code 1
npm error path C:\develop\greenlink\apps\admin
npm error workspace @greenlink/admin@0.1.0
npm error location C:\develop\greenlink\apps\admin
npm error command failed
npm error command C:\WINDOWS\system32\cmd.exe /d /s /c next lint
