
> @greenlink/web@0.1.0 build
> next build

  ▲ Next.js 15.0.0

   Creating an optimized production build ...
 ✓ Compiled successfully
   Skipping validation of types
   Skipping linting
   Collecting page data ...
   Generating static pages (0/9) ...
   Generating static pages (2/9) 
   Generating static pages (4/9) 
   Generating static pages (6/9) 
 ✓ Generating static pages (9/9)
   Finalizing page optimization ...
   Collecting build traces ...

Route (app)                              Size     First Load JS
┌ ○ /                                    552 B           109 kB
├ ○ /_not-found                          896 B           100 kB
├ ○ /category                            6.38 kB         128 kB
├ ƒ /farm/[id]                           6.33 kB         115 kB
├ ○ /group-buy                           2.17 kB         125 kB
├ ƒ /group-buy/[id]                      2.41 kB         116 kB
├ ○ /order                               28.1 kB         136 kB
├ ƒ /product/[id]                        1.6 kB          115 kB
└ ○ /search                              2.63 kB         124 kB
+ First Load JS shared by all            99.2 kB
  ├ chunks/765-6c8cdc23bc8a3bef.js       44.6 kB
  ├ chunks/87c73c54-f184ceebf304fc42.js  52.6 kB
  └ other shared chunks (total)          1.91 kB


○  (Static)   prerendered as static content
ƒ  (Dynamic)  server-rendered on demand

