
> @greenlink/web@0.1.0 lint
> next lint

It looks like you're trying to use TypeScript but do not have the required package(s) installed.
Installing dependencies

If you are not trying to use TypeScript, please remove the tsconfig.json file from your package root (and any TypeScript files in your app and pages directories).


Installing devDependencies (npm):
- @types/react

npm error code ERESOLVE
npm error ERESOLVE could not resolve
npm error
npm error While resolving: zustand@4.5.7
npm error Found: @types/react@19.0.0-rc.1
npm error node_modules/@types/react
npm error   peerOptional @types/react@"*" from @radix-ui/react-arrow@1.1.7
npm error   node_modules/@radix-ui/react-arrow
npm error     @radix-ui/react-arrow@"1.1.7" from @radix-ui/react-popper@1.2.8
npm error     node_modules/@radix-ui/react-popper
npm error       @radix-ui/react-popper@"1.2.8" from @radix-ui/react-select@2.2.6
npm error       node_modules/@radix-ui/react-select
npm error         @radix-ui/react-select@"^2.2.6" from @greenlink/ui@0.0.0
npm error         packages/ui
npm error   peerOptional @types/react@"*" from @radix-ui/react-primitive@2.1.3
npm error   node_modules/@radix-ui/react-arrow/node_modules/@radix-ui/react-primitive
npm error     @radix-ui/react-primitive@"2.1.3" from @radix-ui/react-arrow@1.1.7
npm error     node_modules/@radix-ui/react-arrow
npm error       @radix-ui/react-arrow@"1.1.7" from @radix-ui/react-popper@1.2.8
npm error       node_modules/@radix-ui/react-popper
npm error         @radix-ui/react-popper@"1.2.8" from @radix-ui/react-select@2.2.6
npm error         node_modules/@radix-ui/react-select
npm error   60 more (@radix-ui/react-slot, @radix-ui/react-collection, ...)
npm error
npm error Could not resolve dependency:
npm error peerOptional @types/react@">=16.8" from zustand@4.5.7
npm error node_modules/zustand
npm error   zustand@"^4.4.0" from @greenlink/lib@0.0.0
npm error   packages/lib
npm error     @greenlink/lib@0.0.0
npm error     node_modules/@greenlink/lib
npm error       workspace packages\lib from the root project
npm error       3 more (@greenlink/admin, @greenlink/driver, @greenlink/web)
npm error
npm error Conflicting peer dependency: @types/react@19.2.14
npm error node_modules/@types/react
npm error   peerOptional @types/react@">=16.8" from zustand@4.5.7
npm error   node_modules/zustand
npm error     zustand@"^4.4.0" from @greenlink/lib@0.0.0
npm error     packages/lib
npm error       @greenlink/lib@0.0.0
npm error       node_modules/@greenlink/lib
npm error         workspace packages\lib from the root project
npm error         3 more (@greenlink/admin, @greenlink/driver, @greenlink/web)
npm error
npm error Fix the upstream dependency conflict, or retry
npm error this command with --force or --legacy-peer-deps
npm error to accept an incorrect (and potentially broken) dependency resolution.
npm error
npm error
npm error For a full report see:
npm error C:\Users\JJY\npm-cache\_logs\2026-02-18T17_52_16_375Z-eresolve-report.txt
npm error A complete log of this run can be found in: C:\Users\JJY\npm-cache\_logs\2026-02-18T17_52_16_375Z-debug-0.log
Failed to install required TypeScript dependencies, please install them manually to continue:
npm install --save-exact --save-dev @types/react

node:internal/process/promises:392
      new UnhandledPromiseRejection(reason);
      ^

UnhandledPromiseRejection: This error originated either by throwing inside of an async function without a catch block, or by rejecting a promise which was not handled with .catch(). The promise rejected with the reason "#<Object>".
    at throwUnhandledRejectionsMode (node:internal/process/promises:392:7)
    at processPromiseRejections (node:internal/process/promises:475:17)
    at process.processTicksAndRejections (node:internal/process/task_queues:104:32) {
  code: 'ERR_UNHANDLED_REJECTION'
}

Node.js v24.13.0
